[2019-12-13 15:12:09.169] [exthost] [info] extension host started
[2019-12-13 15:12:09.235] [exthost] [info] ExtensionService#_doActivateExtension vscode.debug-auto-launch {"startup":true,"activationEvent":"*"}
[2019-12-13 15:12:09.235] [exthost] [info] ExtensionService#loadCommonJSModule /private/var/folders/vm/2d_z2q2x49120_1l8d8zhjhc0000gn/T/AppTranslocation/826EEB75-36E0-407E-A271-15AEA05036FB/d/Visual Studio Code.app/Contents/Resources/app/extensions/debug-auto-launch/dist/extension
[2019-12-13 15:12:09.242] [exthost] [info] ExtensionService#_doActivateExtension vscode.emmet {"startup":true,"activationEvent":"*"}
[2019-12-13 15:12:09.242] [exthost] [info] ExtensionService#loadCommonJSModule /private/var/folders/vm/2d_z2q2x49120_1l8d8zhjhc0000gn/T/AppTranslocation/826EEB75-36E0-407E-A271-15AEA05036FB/d/Visual Studio Code.app/Contents/Resources/app/extensions/emmet/dist/extension
[2019-12-13 15:12:09.332] [exthost] [info] ExtensionService#_doActivateExtension vscode.git {"startup":true,"activationEvent":"*"}
[2019-12-13 15:12:09.332] [exthost] [info] ExtensionService#loadCommonJSModule /private/var/folders/vm/2d_z2q2x49120_1l8d8zhjhc0000gn/T/AppTranslocation/826EEB75-36E0-407E-A271-15AEA05036FB/d/Visual Studio Code.app/Contents/Resources/app/extensions/git/dist/main
[2019-12-13 15:12:09.514] [exthost] [info] ExtensionService#_doActivateExtension vscode.merge-conflict {"startup":true,"activationEvent":"*"}
[2019-12-13 15:12:09.514] [exthost] [info] ExtensionService#loadCommonJSModule /private/var/folders/vm/2d_z2q2x49120_1l8d8zhjhc0000gn/T/AppTranslocation/826EEB75-36E0-407E-A271-15AEA05036FB/d/Visual Studio Code.app/Contents/Resources/app/extensions/merge-conflict/dist/extension
[2019-12-13 15:12:09.538] [exthost] [info] ExtensionService#_doActivateExtension vscode.npm {"startup":true,"activationEvent":"workspaceContains:package.json"}
[2019-12-13 15:12:09.538] [exthost] [info] ExtensionService#loadCommonJSModule /private/var/folders/vm/2d_z2q2x49120_1l8d8zhjhc0000gn/T/AppTranslocation/826EEB75-36E0-407E-A271-15AEA05036FB/d/Visual Studio Code.app/Contents/Resources/app/extensions/npm/dist/main
[2019-12-13 15:12:09.685] [exthost] [info] eager extensions activated
[2019-12-13 15:12:21.127] [exthost] [info] ExtensionService#_doActivateExtension vscode.configuration-editing {"startup":false,"activationEvent":"onLanguage:json"}
[2019-12-13 15:12:21.127] [exthost] [info] ExtensionService#loadCommonJSModule /private/var/folders/vm/2d_z2q2x49120_1l8d8zhjhc0000gn/T/AppTranslocation/826EEB75-36E0-407E-A271-15AEA05036FB/d/Visual Studio Code.app/Contents/Resources/app/extensions/configuration-editing/dist/extension
[2019-12-13 15:12:21.136] [exthost] [info] ExtensionService#_doActivateExtension vscode.extension-editing {"startup":false,"activationEvent":"onLanguage:json"}
[2019-12-13 15:12:21.136] [exthost] [info] ExtensionService#loadCommonJSModule /private/var/folders/vm/2d_z2q2x49120_1l8d8zhjhc0000gn/T/AppTranslocation/826EEB75-36E0-407E-A271-15AEA05036FB/d/Visual Studio Code.app/Contents/Resources/app/extensions/extension-editing/dist/extension
[2019-12-13 15:12:21.185] [exthost] [info] ExtensionService#_doActivateExtension vscode.json-language-features {"startup":false,"activationEvent":"onLanguage:json"}
[2019-12-13 15:12:21.185] [exthost] [info] ExtensionService#loadCommonJSModule /private/var/folders/vm/2d_z2q2x49120_1l8d8zhjhc0000gn/T/AppTranslocation/826EEB75-36E0-407E-A271-15AEA05036FB/d/Visual Studio Code.app/Contents/Resources/app/extensions/json-language-features/client/dist/jsonMain
[2019-12-13 15:12:21.572] [exthost] [info] ExtensionService#_doActivateExtension vscode.typescript-language-features {"startup":false,"activationEvent":"onLanguage:jsonc"}
[2019-12-13 15:12:21.572] [exthost] [info] ExtensionService#loadCommonJSModule /private/var/folders/vm/2d_z2q2x49120_1l8d8zhjhc0000gn/T/AppTranslocation/826EEB75-36E0-407E-A271-15AEA05036FB/d/Visual Studio Code.app/Contents/Resources/app/extensions/typescript-language-features/dist/extension
[2019-12-13 15:12:29.470] [exthost] [info] ExtensionService#_doActivateExtension vscode.markdown-language-features {"startup":false,"activationEvent":"onLanguage:markdown"}
[2019-12-13 15:12:29.470] [exthost] [info] ExtensionService#loadCommonJSModule /private/var/folders/vm/2d_z2q2x49120_1l8d8zhjhc0000gn/T/AppTranslocation/826EEB75-36E0-407E-A271-15AEA05036FB/d/Visual Studio Code.app/Contents/Resources/app/extensions/markdown-language-features/dist/extension
[2019-12-13 15:12:30.241] [exthost] [info] ExtensionService#_doActivateExtension vscode.php-language-features {"startup":false,"activationEvent":"onLanguage:php"}
[2019-12-13 15:12:30.241] [exthost] [info] ExtensionService#loadCommonJSModule /private/var/folders/vm/2d_z2q2x49120_1l8d8zhjhc0000gn/T/AppTranslocation/826EEB75-36E0-407E-A271-15AEA05036FB/d/Visual Studio Code.app/Contents/Resources/app/extensions/php-language-features/dist/phpMain
